make all --print-data-base --no-builtin-variables --no-builtin-rules --question
# GNU Make 3.81
# Copyright (C) 2006  Free Software Foundation, Inc.
# This is free software; see the source for copying conditions.
# There is NO warranty; not even for MERCHANTABILITY or FITNESS FOR A
# PARTICULAR PURPOSE.

# This program built for i386-apple-darwin11.3.0

# Make data base, printed on Sat Apr 17 14:31:49 2021

# Variables

# automatic
<D = $(patsubst %/,%,$(dir $<))
# automatic
?F = $(notdir $?)
# environment
VSCODE_LOG_NATIVE = false
# automatic
?D = $(patsubst %/,%,$(dir $?))
# automatic
@D = $(patsubst %/,%,$(dir $@))
# automatic
@F = $(notdir $@)
 
make: *** No rule to make target `persistence.o', needed by `persistence'.  Stop.
 
# makefile
CURDIR := /Users/markcty/Repos/LSM-KV
# makefile
SHELL = /bin/sh
# environment
VSCODE_NLS_CONFIG = {"locale":"en-us","availableLanguages":{},"_languagePackSupport":true}
# environment
ZSH_HIGHLIGHT_HIGHLIGHTERS_DIR = /opt/homebrew/share/zsh-syntax-highlighting/highlighters
# environment
_ = /usr/bin/make
# makefile (from `Makefile', line 2)
LINK.o = $(LINK.cc)
# environment
LESSOPEN = |/opt/homebrew/bin/lesspipe.sh %s
# makefile (from `Makefile', line 1)
MAKEFILE_LIST :=  Makefile
# environment
VSCODE_NODE_CACHED_DATA_DIR = /Users/markcty/Library/Application Support/Code/CachedData/3c4e3df9e89829dce27b7b5c24508306b151f30d
# makefile (from `Makefile', line 3)
CXXFLAGS = -std=c++14 -Wall
# environment
AUTOJUMP_SOURCED = 1
# environment
VSCODE_VERBOSE_LOGGING = true
# environment
__CFBundleIdentifier = com.microsoft.VSCode
# environment
INFOPATH = /opt/homebrew/share/info:
# environment
P9K_SSH = 0
# environment
VSCODE_IPC_HOOK_EXTHOST = /var/folders/06/xyxtw57n6hldky6hll3vvzzw0000gn/T/vscode-ipc-6fb2b118-817f-445a-a876-02e5f504aa66.sock
# environment
VSCODE_CWD = /
# environment
PATH = /usr/local/smlnj/bin:/Users/markcty/Library/Python/3.9/bin:/opt/homebrew/opt/qt/bin:/opt/homebrew/bin:/opt/homebrew/sbin:/usr/local/bin:/usr/bin:/bin:/usr/sbin:/sbin:/Library/TeX/texbin
# environment
LSCOLORS = Gxfxcxdxbxegedabagacad
# environment
VSCODE_LOG_STACK = false
# environment
ELECTRON_RUN_AS_NODE = 1
# default
.FEATURES := target-specific order-only second-expansion else-if archives jobserver check-symlink
# environment
SSH_AUTH_SOCK = /private/tmp/com.apple.launchd.raMDGGY0HR/Listeners
# automatic
%F = $(notdir $%)
# environment
all_proxy = socks5://127.0.0.1:7890
# environment
VSCODE_PIPE_LOGGING = true
# environment
PWD = /Users/markcty/Repos/LSM-KV
# environment
HOMEBREW_CELLAR = /opt/homebrew/Cellar
# environment
ORIGINAL_XDG_CURRENT_DESKTOP = undefined
# environment
MANPATH = /opt/homebrew/share/man::
# environment
VSCODE_AMD_ENTRYPOINT = vs/workbench/services/extensions/node/extensionHostProcess
# environment
HOME = /Users/markcty
# default
MAKEFILEPATH = $(shell /usr/bin/xcode-select -print-path 2>/dev/null || echo /Developer)/Makefiles
# environment
LOGNAME = markcty
# environment
APPLICATION_INSIGHTS_NO_DIAGNOSTIC_CHANNEL = true
# environment
ZSH = /Users/markcty/.oh-my-zsh
# environment
VSCODE_HANDLES_UNCAUGHT_ERRORS = true
# automatic
^D = $(patsubst %/,%,$(dir $^))
# environment
XPC_FLAGS = 0x0
# default
MAKE = $(MAKE_COMMAND)
# default
MAKECMDGOALS := all
# environment
SHLVL = 1
# environment
LESS_ADVANCED_PREPROCESSOR = 1
# environment
JAVA_HOME = /Users/markcty/Library/Java/JavaVirtualMachines/azul-15.0.2/Contents/Home
# default
MAKE_VERSION := 3.81
# environment
USER = markcty
# makefile
.DEFAULT_GOAL := all
# environment
DBUS_LAUNCHD_SESSION_BUS_SOCKET = /private/tmp/com.apple.launchd.8TA4YkQcQi/unix_domain_listener
# environment
LESS = -R
# automatic
%D = $(patsubst %/,%,$(dir $%))
# default
MAKE_COMMAND := /Library/Developer/CommandLineTools/usr/bin/make
# default
.VARIABLES := 
# environment
TMPDIR = /var/folders/06/xyxtw57n6hldky6hll3vvzzw0000gn/T/
# automatic
*F = $(notdir $*)
# environment
VSCODE_IPC_HOOK = /Users/markcty/Library/Application Support/Code/1.55.2-main.sock
# makefile
MAKEFLAGS = Rrqp
# environment
MFLAGS = -Rrqp
# automatic
*D = $(patsubst %/,%,$(dir $*))
# environment
XPC_SERVICE_NAME = application.com.microsoft.VSCode.5959475.5959481
# environment
HOMEBREW_PREFIX = /opt/homebrew
# automatic
+D = $(patsubst %/,%,$(dir $+))
# automatic
+F = $(notdir $+)
# environment
HOMEBREW_REPOSITORY = /opt/homebrew
# environment
__CF_USER_TEXT_ENCODING = 0x1F5:0x0:0x0
# environment
COMMAND_MODE = unix2003
# default
MAKEFILES := 
# automatic
<F = $(notdir $<)
# environment
PAGER = less
# automatic
^F = $(notdir $^)
# default
SUFFIXES := 
# environment
MAKELEVEL := 0
# environment
AUTOJUMP_ERROR_PATH = /Users/markcty/Library/autojump/errors.log
# environment
VSCODE_PID = 15811
# variable set hash-table stats:
# Load=79/1024=8%, Rehash=0, Collisions=2/102=2%

# Pattern-specific Variable Values

# No pattern-specific variable values.

# Directories

# . (device 16777231, inode 9370046): 30 files, no impossibilities.

# 30 files, no impossibilities in 1 directories.

# Implicit Rules

# No implicit rules.

# Files

# Not a target:
correctness.o:
#  Implicit rule search has been done.
#  Last modified 2021-04-17 14:30:17
#  File has been updated.
#  Successfully updated.
# variable set hash-table stats:
# Load=0/32=0%, Rehash=0, Collisions=0/0=0%

correctness: BloomFilter.o SkipList.o SSTable.o kvstore.o correctness.o
#  Implicit rule search has been done.
#  Last modified 2021-04-17 14:30:17
#  File has been updated.
#  Successfully updated.
# variable set hash-table stats:
# Load=0/32=0%, Rehash=0, Collisions=0/0=0%

all: correctness persistence
#  Command-line target.
#  Implicit rule search has been done.
#  File does not exist.
#  File has not been updated.
# variable set hash-table stats:
# Load=0/32=0%, Rehash=0, Collisions=0/0=0%

# Not a target:
.SUFFIXES:
#  Implicit rule search has not been done.
#  Modification time never checked.
#  File has not been updated.

# Not a target:
Makefile:
#  Implicit rule search has been done.
#  Last modified 2021-04-17 14:30:02
#  File has been updated.
#  Successfully updated.
# variable set hash-table stats:
# Load=0/32=0%, Rehash=0, Collisions=0/0=0%

# Not a target:
SkipList.o:
#  Implicit rule search has been done.
#  Last modified 2021-04-17 14:30:17
#  File has been updated.
#  Successfully updated.
# variable set hash-table stats:
# Load=0/32=0%, Rehash=0, Collisions=0/0=0%

# Not a target:
kvstore.o:
#  Implicit rule search has been done.
#  Last modified 2021-04-17 14:30:17
#  File has been updated.
#  Successfully updated.
# variable set hash-table stats:
# Load=0/32=0%, Rehash=0, Collisions=0/0=0%

# Not a target:
try.o:
#  Implicit rule search has not been done.
#  Modification time never checked.
#  File has not been updated.

try: BloomFilter.o SkipList.o SSTable.o kvstore.o try.o
#  Implicit rule search has not been done.
#  Modification time never checked.
#  File has not been updated.

persistence: kvstore.o persistence.o
#  Implicit rule search has been done.
#  File does not exist.
#  File has not been updated.
# variable set hash-table stats:
# Load=0/32=0%, Rehash=0, Collisions=0/0=0%

# Not a target:
persistence.o:
#  Implicit rule search has been done.
#  File does not exist.
#  File has not been updated.
# variable set hash-table stats:
# Load=0/32=0%, Rehash=0, Collisions=0/0=0%

# Not a target:
.DEFAULT:
#  Implicit rule search has not been done.
#  Modification time never checked.
#  File has not been updated.

# Not a target:
BloomFilter.o:
#  Implicit rule search has been done.
#  Last modified 2021-04-17 14:30:17
#  File has been updated.
#  Successfully updated.
# variable set hash-table stats:
# Load=0/32=0%, Rehash=0, Collisions=0/0=0%

clean:
#  Implicit rule search has not been done.
#  Modification time never checked.
#  File has not been updated.
#  commands to execute (from `Makefile', line 14):
	-rm -f correctness persistence *.o
	

# Not a target:
SSTable.o:
#  Implicit rule search has been done.
#  Last modified 2021-04-17 14:30:17
#  File has been updated.
#  Successfully updated.
# variable set hash-table stats:
# Load=0/32=0%, Rehash=0, Collisions=0/0=0%

# files hash-table stats:
# Load=15/1024=1%, Rehash=0, Collisions=0/42=0%
# VPATH Search Paths

# No `vpath' search paths.

# No general (`VPATH' variable) search path.

# # of strings in strcache: 1
# # of strcache buffers: 1
# strcache size: total = 4096 / max = 4096 / min = 4096 / avg = 4096
# strcache free: total = 4087 / max = 4087 / min = 4087 / avg = 4087

# Finished Make data base on Sat Apr 17 14:31:49 2021

 
